[debug] [2025-08-09T04:41:42.163Z] ----------------------------------------------------------------------
[debug] [2025-08-09T04:41:42.164Z] Command:       /usr/bin/node /home/pocho/Escritorio/dojo-reservas-base-v4/node_modules/.bin/firebase init
[debug] [2025-08-09T04:41:42.165Z] CLI Version:   14.12.0
[debug] [2025-08-09T04:41:42.165Z] Platform:      linux
[debug] [2025-08-09T04:41:42.165Z] Node Version:  v20.18.1
[debug] [2025-08-09T04:41:42.165Z] Time:          Sat Aug 09 2025 01:41:42 GMT-0300 (hora estándar de Argentina)
[debug] [2025-08-09T04:41:42.165Z] ----------------------------------------------------------------------
[debug] 
[debug] [2025-08-09T04:41:42.294Z] > command requires scopes: ["email","openid","https://www.googleapis.com/auth/cloudplatformprojects.readonly","https://www.googleapis.com/auth/firebase","https://www.googleapis.com/auth/cloud-platform"]
[debug] [2025-08-09T04:41:42.295Z] > authorizing via signed-in user (nachis24@gmail.com)
[info] 
     ######## #### ########  ######## ########     ###     ######  ########
     ##        ##  ##     ## ##       ##     ##  ##   ##  ##       ##
     ######    ##  ########  ######   ########  #########  ######  ######
     ##        ##  ##    ##  ##       ##     ## ##     ##       ## ##
     ##       #### ##     ## ######## ########  ##     ##  ######  ########

You're about to initialize a Firebase project in this directory:

  /home/pocho/Escritorio/dojo-reservas-base-v4

Before we get started, keep in mind:

  * You are initializing within an existing Firebase project directory

[debug] [2025-08-09T04:43:05.023Z] ExitPromptError: User force closed the prompt with SIGINT
    at Interface.sigint (/home/pocho/Escritorio/dojo-reservas-base-v4/node_modules/@inquirer/core/dist/commonjs/lib/create-prompt.js:101:37)
    at Interface.emit (node:events:518:28)
    at Interface.emit (node:domain:489:12)
    at [_ttyWrite] [as _ttyWrite] (node:internal/readline/interface:1125:18)
    at ReadStream.onkeypress (node:internal/readline/interface:264:20)
    at ReadStream.emit (node:events:530:35)
    at ReadStream.emit (node:domain:489:12)
    at emitKeys (node:internal/readline/utils:371:14)
    at emitKeys.next (<anonymous>)
    at ReadStream.onData (node:internal/readline/emitKeypressEvents:64:36)
[error] 
[error] Error: An unexpected error has occurred.
